<?xml version="1.0" encoding="UTF-8"?>
<!-- Generated by org.testng.reporters.JUnitXMLReporter -->
<testsuite hostname="mds-MacBook-Pro.local" ignored="0" name="Command line test" tests="1" failures="0" timestamp="18 May 2019 21:05:05 GMT" time="0.019" errors="0">
  <testcase name="@BeforeClass setupDriver" time="0.0" classname="base.CommonAPI">
    <failure type="org.testng.TestNGException" message="
Parameter &amp;apos;platform&amp;apos; is required by BeforeClass on method setupDriver but has not been marked @Optional or defined
">
      <![CDATA[org.testng.TestNGException: 
Parameter 'platform' is required by BeforeClass on method setupDriver but has not been marked @Optional or defined

... Removed 32 stack frames]]>
    </failure>
  </testcase> <!-- @BeforeClass setupDriver -->
  <testcase name="@BeforeClass init" time="0.0" classname="RegressionSuite.TestHomePage">
    <skipped/>
  </testcase> <!-- @BeforeClass init -->
  <testcase name="@BeforeMethod startExtent" time="0.0" classname="base.CommonAPI">
    <skipped/>
  </testcase> <!-- @BeforeMethod startExtent -->
  <testcase name="@AfterMethod recap" time="0.0" classname="RegressionSuite.TestHomePage">
    <skipped/>
  </testcase> <!-- @AfterMethod recap -->
  <testcase name="@AfterMethod afterEachTestMethod" time="0.0" classname="base.CommonAPI">
    <skipped/>
  </testcase> <!-- @AfterMethod afterEachTestMethod -->
  <testcase name="@AfterClass quitDriver" time="0.0" classname="base.CommonAPI">
    <skipped/>
  </testcase> <!-- @AfterClass quitDriver -->
  <testcase name="test" time="0.0" classname="RegressionSuite.TestHomePage">
    <skipped/>
  </testcase> <!-- test -->
</testsuite> <!-- Command line test -->
